[debug] [2020-06-18T22:18:21.531Z] ----------------------------------------------------------------------
[debug] [2020-06-18T22:18:21.533Z] Command:       /usr/local/Cellar/node/14.4.0/bin/node /usr/local/bin/firebase appdistribution:distribute Movies_60.ipa --app 1:141663741646:ios:f14686d984c8a3128ad29f --groups-file /var/folders/w5/5gtns2f10wz22sj7p_9d4zmm0000gp/T/groups20200619-36576-11bbjs7 --release-notes-file /var/folders/w5/5gtns2f10wz22sj7p_9d4zmm0000gp/T/release_notes20200619-36576-14u1aba --debug
[debug] [2020-06-18T22:18:21.533Z] CLI Version:   8.4.2
[debug] [2020-06-18T22:18:21.533Z] Platform:      darwin
[debug] [2020-06-18T22:18:21.533Z] Node Version:  v14.4.0
[debug] [2020-06-18T22:18:21.534Z] Time:          Fri Jun 19 2020 01:18:21 GMT+0300 (GMT+03:00)
[debug] [2020-06-18T22:18:21.535Z] ----------------------------------------------------------------------
[debug] [2020-06-18T22:18:21.535Z] 
[debug] [2020-06-18T22:18:21.540Z] > command requires scopes: ["email","openid","https://www.googleapis.com/auth/cloudplatformprojects.readonly","https://www.googleapis.com/auth/firebase","https://www.googleapis.com/auth/cloud-platform"]
[debug] [2020-06-18T22:18:21.541Z] > authorizing via signed-in user
[info] i  getting app details... 
[debug] [2020-06-18T22:18:21.547Z] > refreshing access token with scopes: ["email","https://www.googleapis.com/auth/cloud-platform","https://www.googleapis.com/auth/cloudplatformprojects.readonly","https://www.googleapis.com/auth/firebase","openid"]
[debug] [2020-06-18T22:18:21.548Z] >>> HTTP REQUEST POST https://www.googleapis.com/oauth2/v3/token  
 <request body omitted>
[debug] [2020-06-18T22:18:21.964Z] <<< HTTP RESPONSE 200 {"content-type":"application/json; charset=utf-8","vary":"X-Origin, Referer, Origin,Accept-Encoding","date":"Thu, 18 Jun 2020 22:18:21 GMT","server":"scaffolding on HTTPServer2","cache-control":"private","x-xss-protection":"0","x-frame-options":"SAMEORIGIN","x-content-type-options":"nosniff","alt-svc":"h3-28=\":443\"; ma=2592000,h3-27=\":443\"; ma=2592000,h3-25=\":443\"; ma=2592000,h3-T050=\":443\"; ma=2592000,h3-Q050=\":443\"; ma=2592000,h3-Q049=\":443\"; ma=2592000,h3-Q048=\":443\"; ma=2592000,h3-Q046=\":443\"; ma=2592000,h3-Q043=\":443\"; ma=2592000,quic=\":443\"; ma=2592000; v=\"46,43\"","accept-ranges":"none","transfer-encoding":"chunked"}
[debug] [2020-06-18T22:18:21.999Z] >>> HTTP REQUEST GET https://firebaseappdistribution.googleapis.com/v1alpha/apps/1:141663741646:ios:f14686d984c8a3128ad29f  
 
[debug] [2020-06-18T22:18:23.267Z] <<< HTTP RESPONSE 200 {"content-type":"application/json; charset=UTF-8","vary":"X-Origin, Referer, Origin,Accept-Encoding","date":"Thu, 18 Jun 2020 22:18:23 GMT","server":"ESF","cache-control":"private","x-xss-protection":"0","x-frame-options":"SAMEORIGIN","x-content-type-options":"nosniff","alt-svc":"h3-28=\":443\"; ma=2592000,h3-27=\":443\"; ma=2592000,h3-25=\":443\"; ma=2592000,h3-T050=\":443\"; ma=2592000,h3-Q050=\":443\"; ma=2592000,h3-Q049=\":443\"; ma=2592000,h3-Q048=\":443\"; ma=2592000,h3-Q046=\":443\"; ma=2592000,h3-Q043=\":443\"; ma=2592000,quic=\":443\"; ma=2592000; v=\"46,43\"","accept-ranges":"none","transfer-encoding":"chunked"}
[debug] [2020-06-18T22:18:23.300Z] >>> HTTP REQUEST GET https://firebaseappdistribution.googleapis.com/v1alpha/apps/1:141663741646:ios:f14686d984c8a3128ad29f/upload_status/projects%2F141663741646%2Fapps%2F1%3A141663741646%3Aios%3Af14686d984c8a3128ad29f%2Freleases%2F-%2Fbinaries%2F2a4853f8c98f0b8ba4b18039e8c4993b520b3daf653056a1807429d76bff3430  
 
[debug] [2020-06-18T22:18:24.323Z] <<< HTTP RESPONSE 200 {"content-type":"application/json; charset=UTF-8","vary":"X-Origin, Referer, Origin,Accept-Encoding","date":"Thu, 18 Jun 2020 22:18:24 GMT","server":"ESF","cache-control":"private","x-xss-protection":"0","x-frame-options":"SAMEORIGIN","x-content-type-options":"nosniff","alt-svc":"h3-28=\":443\"; ma=2592000,h3-27=\":443\"; ma=2592000,h3-25=\":443\"; ma=2592000,h3-T050=\":443\"; ma=2592000,h3-Q050=\":443\"; ma=2592000,h3-Q049=\":443\"; ma=2592000,h3-Q048=\":443\"; ma=2592000,h3-Q046=\":443\"; ma=2592000,h3-Q043=\":443\"; ma=2592000,quic=\":443\"; ma=2592000; v=\"46,43\"","accept-ranges":"none","transfer-encoding":"chunked"}
[info] i  uploading distribution... 
[debug] [2020-06-18T22:18:24.324Z] >>> HTTP REQUEST POST https://firebaseappdistribution.googleapis.com/app-binary-uploads?app_id=1:141663741646:ios:f14686d984c8a3128ad29f  
 {"_readableState":{"objectMode":false,"highWaterMark":65536,"buffer":{"head":null,"tail":null,"length":0},"length":0,"pipes":[],"flowing":null,"ended":false,"endEmitted":false,"reading":false,"sync":true,"needReadable":false,"emittedReadable":false,"readableListening":false,"resumeScheduled":false,"errorEmitted":false,"emitClose":true,"autoDestroy":false,"destroyed":false,"errored":false,"closed":false,"closeEmitted":false,"defaultEncoding":"utf8","awaitDrainWriters":null,"multiAwaitDrain":false,"readingMore":false,"decoder":null,"encoding":null},"_events":{},"_eventsCount":1,"path":"Movies_60.ipa","fd":null,"flags":"r","mode":438,"end":null,"autoClose":true,"bytesRead":0,"closed":false}
[debug] [2020-06-18T22:18:36.283Z] <<< HTTP RESPONSE 202 {"x-guploader-uploadid":"AAANsUka2ZJyLM6QhbQoUmW9oAjq90uWUEVZaXfsgcWY5ZlyrpxN1aNC9ZiOO8xYaFcby9wKHM8W-tCbiVn_1sYxI_c","content-type":"application/json; charset=utf-8","content-length":"165","date":"Thu, 18 Jun 2020 22:18:36 GMT","server":"UploadServer","alt-svc":"h3-28=\":443\"; ma=2592000,h3-27=\":443\"; ma=2592000,h3-25=\":443\"; ma=2592000,h3-T050=\":443\"; ma=2592000,h3-Q050=\":443\"; ma=2592000,h3-Q049=\":443\"; ma=2592000,h3-Q048=\":443\"; ma=2592000,h3-Q046=\":443\"; ma=2592000,h3-Q043=\":443\"; ma=2592000,quic=\":443\"; ma=2592000; v=\"46,43\""}
[debug] [2020-06-18T22:18:36.284Z] >>> HTTP REQUEST GET https://firebaseappdistribution.googleapis.com/v1alpha/apps/1:141663741646:ios:f14686d984c8a3128ad29f/upload_status/projects%2F141663741646%2Fapps%2F1%3A141663741646%3Aios%3Af14686d984c8a3128ad29f%2Freleases%2F-%2Fbinaries%2F2a4853f8c98f0b8ba4b18039e8c4993b520b3daf653056a1807429d76bff3430  
 
[debug] [2020-06-18T22:18:37.103Z] <<< HTTP RESPONSE 200 {"content-type":"application/json; charset=UTF-8","vary":"X-Origin, Referer, Origin,Accept-Encoding","date":"Thu, 18 Jun 2020 22:18:37 GMT","server":"ESF","cache-control":"private","x-xss-protection":"0","x-frame-options":"SAMEORIGIN","x-content-type-options":"nosniff","alt-svc":"h3-28=\":443\"; ma=2592000,h3-27=\":443\"; ma=2592000,h3-25=\":443\"; ma=2592000,h3-T050=\":443\"; ma=2592000,h3-Q050=\":443\"; ma=2592000,h3-Q049=\":443\"; ma=2592000,h3-Q048=\":443\"; ma=2592000,h3-Q046=\":443\"; ma=2592000,h3-Q043=\":443\"; ma=2592000,quic=\":443\"; ma=2592000; v=\"46,43\"","accept-ranges":"none","transfer-encoding":"chunked"}
[debug] [2020-06-18T22:18:39.106Z] >>> HTTP REQUEST GET https://firebaseappdistribution.googleapis.com/v1alpha/apps/1:141663741646:ios:f14686d984c8a3128ad29f/upload_status/projects%2F141663741646%2Fapps%2F1%3A141663741646%3Aios%3Af14686d984c8a3128ad29f%2Freleases%2F-%2Fbinaries%2F2a4853f8c98f0b8ba4b18039e8c4993b520b3daf653056a1807429d76bff3430  
 
[debug] [2020-06-18T22:18:40.097Z] <<< HTTP RESPONSE 200 {"content-type":"application/json; charset=UTF-8","vary":"X-Origin, Referer, Origin,Accept-Encoding","date":"Thu, 18 Jun 2020 22:18:39 GMT","server":"ESF","cache-control":"private","x-xss-protection":"0","x-frame-options":"SAMEORIGIN","x-content-type-options":"nosniff","alt-svc":"h3-28=\":443\"; ma=2592000,h3-27=\":443\"; ma=2592000,h3-25=\":443\"; ma=2592000,h3-T050=\":443\"; ma=2592000,h3-Q050=\":443\"; ma=2592000,h3-Q049=\":443\"; ma=2592000,h3-Q048=\":443\"; ma=2592000,h3-Q046=\":443\"; ma=2592000,h3-Q043=\":443\"; ma=2592000,quic=\":443\"; ma=2592000; v=\"46,43\"","accept-ranges":"none","transfer-encoding":"chunked"}
[info] ✔  uploaded distribution successfully! 
[info] i  adding release notes... 
[debug] [2020-06-18T22:18:40.100Z] >>> HTTP REQUEST POST https://firebaseappdistribution.googleapis.com/v1alpha/apps/1:141663741646:ios:f14686d984c8a3128ad29f/releases/5eebe83c7e13106b83000015/notes  
 {"releaseNotes":{"releaseNotes":"Lots of amazing new features to test out!"}}
[debug] [2020-06-18T22:18:41.099Z] <<< HTTP RESPONSE 200 {"content-type":"application/json; charset=UTF-8","vary":"X-Origin, Referer, Origin,Accept-Encoding","date":"Thu, 18 Jun 2020 22:18:40 GMT","server":"ESF","cache-control":"private","x-xss-protection":"0","x-frame-options":"SAMEORIGIN","x-content-type-options":"nosniff","alt-svc":"h3-28=\":443\"; ma=2592000,h3-27=\":443\"; ma=2592000,h3-25=\":443\"; ma=2592000,h3-T050=\":443\"; ma=2592000,h3-Q050=\":443\"; ma=2592000,h3-Q049=\":443\"; ma=2592000,h3-Q048=\":443\"; ma=2592000,h3-Q046=\":443\"; ma=2592000,h3-Q043=\":443\"; ma=2592000,quic=\":443\"; ma=2592000; v=\"46,43\"","accept-ranges":"none","transfer-encoding":"chunked"}
[info] ✔  added release notes successfully 
[info] i  adding testers/groups... 
[debug] [2020-06-18T22:18:41.100Z] >>> HTTP REQUEST POST https://firebaseappdistribution.googleapis.com/v1alpha/apps/1:141663741646:ios:f14686d984c8a3128ad29f/releases/5eebe83c7e13106b83000015/enable_access  
 {"emails":[],"groupIds":["Developers","Testers"]}
[debug] [2020-06-18T22:18:42.646Z] <<< HTTP RESPONSE 200 {"content-type":"application/json; charset=UTF-8","vary":"X-Origin, Referer, Origin,Accept-Encoding","date":"Thu, 18 Jun 2020 22:18:42 GMT","server":"ESF","cache-control":"private","x-xss-protection":"0","x-frame-options":"SAMEORIGIN","x-content-type-options":"nosniff","alt-svc":"h3-28=\":443\"; ma=2592000,h3-27=\":443\"; ma=2592000,h3-25=\":443\"; ma=2592000,h3-T050=\":443\"; ma=2592000,h3-Q050=\":443\"; ma=2592000,h3-Q049=\":443\"; ma=2592000,h3-Q048=\":443\"; ma=2592000,h3-Q046=\":443\"; ma=2592000,h3-Q043=\":443\"; ma=2592000,quic=\":443\"; ma=2592000; v=\"46,43\"","accept-ranges":"none","transfer-encoding":"chunked"}
[info] ✔  added testers/groups successfully 
